[    0.000000] Initializing cgroup subsys cpuset
[    0.000000] Initializing cgroup subsys cpu
[    0.000000] Initializing cgroup subsys cpuacct
[    0.000000] Linux version 4.4.0-97-generic (buildd@lcy01-33) (gcc version 5.4.0 20160609 (Ubuntu 5.4.0-6ubuntu1~16.04.4) ) #120-Ubuntu SMP Tue Sep 19 17:28:18 UTC 2017 (Ubuntu 4.4.0-97.120-generic 4.4.87)
[    0.000000] Command line: BOOT_IMAGE=/boot/vmlinuz-4.4.0-97-generic root=LABEL=cloudimg-rootfs ro console=tty1 console=ttyS0
[    0.000000] KERNEL supported cpus:
[    0.000000]   Intel GenuineIntel
[    0.000000]   AMD AuthenticAMD
[    0.000000]   Centaur CentaurHauls
[    0.000000] x86/fpu: xstate_offset[2]:  576, xstate_sizes[2]:  256
[    0.000000] x86/fpu: Supporting XSAVE feature 0x01: 'x87 floating point registers'
[    0.000000] x86/fpu: Supporting XSAVE feature 0x02: 'SSE registers'
[    0.000000] x86/fpu: Supporting XSAVE feature 0x04: 'AVX registers'
[    0.000000] x86/fpu: Enabled xstate features 0x7, context size is 832 bytes, using 'standard' format.
[    0.000000] x86/fpu: Using 'lazy' FPU context switches.
[    0.000000] e820: BIOS-provided physical RAM map:
[    0.000000] BIOS-e820: [mem 0x0000000000000000-0x000000000009fbff] usable
[    0.000000] BIOS-e820: [mem 0x000000000009fc00-0x000000000009ffff] reserved
[    0.000000] BIOS-e820: [mem 0x00000000000f0000-0x00000000000fffff] reserved
[    0.000000] BIOS-e820: [mem 0x0000000000100000-0x000000003ffeffff] usable
[    0.000000] BIOS-e820: [mem 0x000000003fff0000-0x000000003fffffff] ACPI data
[    0.000000] BIOS-e820: [mem 0x00000000fffc0000-0x00000000ffffffff] reserved
[    0.000000] NX (Execute Disable) protection: active
[    0.000000] SMBIOS 2.5 present.
[    0.000000] Hypervisor detected: KVM
[    0.000000] e820: last_pfn = 0x3fff0 max_arch_pfn = 0x400000000
[    0.000000] MTRR: Disabled
[    0.000000] x86/PAT: MTRRs disabled, skipping PAT initialization too.
[    0.000000] CPU MTRRs all blank - virtualized system.
[    0.000000] x86/PAT: Configuration [0-7]: WB  WT  UC- UC  WB  WT  UC- UC  
[    0.000000] found SMP MP-table at [mem 0x0009fff0-0x0009ffff] mapped at [ffff88000009fff0]
[    0.000000] Scanning 1 areas for low memory corruption
[    0.000000] RAMDISK: [mem 0x36aec000-0x3756dfff]
[    0.000000] ACPI: Early table checksum verification disabled
[    0.000000] ACPI: RSDP 0x00000000000E0000 000024 (v02 VBOX  )
[    0.000000] ACPI: XSDT 0x000000003FFF0030 00003C (v01 VBOX   VBOXXSDT 00000001 ASL  00000061)
[    0.000000] ACPI: FACP 0x000000003FFF00F0 0000F4 (v04 VBOX   VBOXFACP 00000001 ASL  00000061)
[    0.000000] ACPI: DSDT 0x000000003FFF0470 002118 (v01 VBOX   VBOXBIOS 00000002 INTL 20160108)
[    0.000000] ACPI: FACS 0x000000003FFF0200 000040
[    0.000000] ACPI: FACS 0x000000003FFF0200 000040
[    0.000000] ACPI: APIC 0x000000003FFF0240 00005C (v02 VBOX   VBOXAPIC 00000001 ASL  00000061)
[    0.000000] ACPI: SSDT 0x000000003FFF02A0 0001CC (v01 VBOX   VBOXCPUT 00000002 INTL 20160108)
[    0.000000] No NUMA configuration found
[    0.000000] Faking a node at [mem 0x0000000000000000-0x000000003ffeffff]
[    0.000000] NODE_DATA(0) allocated [mem 0x3ffeb000-0x3ffeffff]
[    0.000000] kvm-clock: Using msrs 4b564d01 and 4b564d00
[    0.000000] kvm-clock: cpu 0, msr 0:3ffe3001, primary cpu clock
[    0.000000] kvm-clock: using sched offset of 3217492037 cycles
[    0.000000] clocksource: kvm-clock: mask: 0xffffffffffffffff max_cycles: 0x1cd42e4dffb, max_idle_ns: 881590591483 ns
[    0.000000] Zone ranges:
[    0.000000]   DMA      [mem 0x0000000000001000-0x0000000000ffffff]
[    0.000000]   DMA32    [mem 0x0000000001000000-0x000000003ffeffff]
[    0.000000]   Normal   empty
[    0.000000]   Device   empty
[    0.000000] Movable zone start for each node
[    0.000000] Early memory node ranges
[    0.000000]   node   0: [mem 0x0000000000001000-0x000000000009efff]
[    0.000000]   node   0: [mem 0x0000000000100000-0x000000003ffeffff]
[    0.000000] Initmem setup node 0 [mem 0x0000000000001000-0x000000003ffeffff]
[    0.000000] ACPI: PM-Timer IO Port: 0x4008
[    0.000000] IOAPIC[0]: apic_id 2, version 17, address 0xfec00000, GSI 0-23
[    0.000000] ACPI: INT_SRC_OVR (bus 0 bus_irq 0 global_irq 2 dfl dfl)
[    0.000000] ACPI: INT_SRC_OVR (bus 0 bus_irq 9 global_irq 9 high level)
[    0.000000] Using ACPI (MADT) for SMP configuration information
[    0.000000] smpboot: Allowing 2 CPUs, 0 hotplug CPUs
[    0.000000] PM: Registered nosave memory: [mem 0x00000000-0x00000fff]
[    0.000000] PM: Registered nosave memory: [mem 0x0009f000-0x0009ffff]
[    0.000000] PM: Registered nosave memory: [mem 0x000a0000-0x000effff]
[    0.000000] PM: Registered nosave memory: [mem 0x000f0000-0x000fffff]
[    0.000000] e820: [mem 0x40000000-0xfffbffff] available for PCI devices
[    0.000000] Booting paravirtualized kernel on KVM
[    0.000000] clocksource: refined-jiffies: mask: 0xffffffff max_cycles: 0xffffffff, max_idle_ns: 7645519600211568 ns
[    0.000000] setup_percpu: NR_CPUS:512 nr_cpumask_bits:512 nr_cpu_ids:2 nr_node_ids:1
[    0.000000] PERCPU: Embedded 34 pages/cpu @ffff88003fc00000 s98328 r8192 d32744 u1048576
[    0.000000] PV qspinlock hash table entries: 256 (order: 0, 4096 bytes)
[    0.000000] Built 1 zonelists in Node order, mobility grouping on.  Total pages: 257913
[    0.000000] Policy zone: DMA32
[    0.000000] Kernel command line: BOOT_IMAGE=/boot/vmlinuz-4.4.0-97-generic root=LABEL=cloudimg-rootfs ro console=tty1 console=ttyS0
[    0.000000] PID hash table entries: 4096 (order: 3, 32768 bytes)
[    0.000000] Memory: 1001804K/1048120K available (8480K kernel code, 1294K rwdata, 3984K rodata, 1492K init, 1316K bss, 46316K reserved, 0K cma-reserved)
[    0.000000] SLUB: HWalign=64, Order=0-3, MinObjects=0, CPUs=2, Nodes=1
[    0.000000] Hierarchical RCU implementation.
[    0.000000] 	Build-time adjustment of leaf fanout to 64.
[    0.000000] 	RCU restricting CPUs from NR_CPUS=512 to nr_cpu_ids=2.
[    0.000000] RCU: Adjusting geometry for rcu_fanout_leaf=64, nr_cpu_ids=2
[    0.000000] NR_IRQS:33024 nr_irqs:440 16
[    0.000000] Console: colour VGA+ 80x25
[    0.000000] console [tty1] enabled
[    0.000000] console [ttyS0] enabled
[    0.000000] tsc: Detected 3192.580 MHz processor
[    0.105477] Calibrating delay loop (skipped) preset value.. 6385.16 BogoMIPS (lpj=12770320)
[    0.106809] pid_max: default: 32768 minimum: 301
[    0.107526] ACPI: Core revision 20150930
[    0.108893] ACPI: 2 ACPI AML tables successfully acquired and loaded
[    0.109926] Security Framework initialized
[    0.110579] Yama: becoming mindful.
[    0.111309] AppArmor: AppArmor initialized
[    0.112024] Dentry cache hash table entries: 131072 (order: 8, 1048576 bytes)
[    0.113142] Inode-cache hash table entries: 65536 (order: 7, 524288 bytes)
[    0.114494] Mount-cache hash table entries: 2048 (order: 2, 16384 bytes)
[    0.115472] Mountpoint-cache hash table entries: 2048 (order: 2, 16384 bytes)
[    0.116574] Initializing cgroup subsys io
[    0.117228] Initializing cgroup subsys memory
[    0.117933] Initializing cgroup subsys devices
[    0.118627] Initializing cgroup subsys freezer
[    0.119324] Initializing cgroup subsys net_cls
[    0.120016] Initializing cgroup subsys perf_event
[    0.120737] Initializing cgroup subsys net_prio
[    0.121439] Initializing cgroup subsys hugetlb
[    0.122151] Initializing cgroup subsys pids
[    0.122876] CPU: Physical Processor ID: 0
[    0.123522] CPU: Processor Core ID: 0
[    0.124876] mce: CPU supports 0 MCE banks
[    0.125542] Last level iTLB entries: 4KB 1024, 2MB 1024, 4MB 1024
[    0.126442] Last level dTLB entries: 4KB 1024, 2MB 1024, 4MB 1024, 1GB 4
[    0.128750] Freeing SMP alternatives memory: 32K
[    0.135403] ftrace: allocating 32148 entries in 126 pages
[    0.165854] smpboot: APIC(0) Converting physical 0 to logical package 0
[    0.166800] smpboot: Max logical packages: 1
[    0.168444] ..TIMER: vector=0x30 apic1=0 pin1=2 apic2=-1 pin2=-1
[    0.277075] smpboot: CPU0: Intel(R) Core(TM) i5-4570 CPU @ 3.20GHz (family: 0x6, model: 0x3c, stepping: 0x3)
[    0.278679] Performance Events: unsupported p6 CPU model 60 no PMU driver, software events only.
[    0.280124] KVM setup paravirtual spinlock
[    0.281355] x86: Booting SMP configuration:
[    0.282027] .... node  #0, CPUs:      #1
[    0.286361] kvm-clock: cpu 1, msr 0:3ffe3041, secondary cpu clock
[    0.287830] mce: CPU supports 0 MCE banks
[    0.290251] x86: Booted up 1 node, 2 CPUs
[    0.318993] smpboot: Total of 2 processors activated (12770.32 BogoMIPS)
[    0.373615] devtmpfs: initialized
[    0.403089] evm: security.selinux
[    0.431585] evm: security.SMACK64
[    0.457111] evm: security.SMACK64EXEC
[    0.481247] evm: security.SMACK64TRANSMUTE
[    0.485267] evm: security.SMACK64MMAP
[    0.485759] evm: security.ima
[    0.486193] evm: security.capability
[    0.486843] clocksource: jiffies: mask: 0xffffffff max_cycles: 0xffffffff, max_idle_ns: 7645041785100000 ns
[    0.488015] futex hash table entries: 512 (order: 3, 32768 bytes)
[    0.488813] pinctrl core: initialized pinctrl subsystem
[    0.489543] RTC time:  2:52:40, date: 10/27/17
[    0.490549] NET: Registered protocol family 16
[    0.501170] cpuidle: using governor ladder
[    0.521425] cpuidle: using governor menu
[    0.551431] PCCT header not found.
[    0.559394] ACPI: bus type PCI registered
[    0.559918] acpiphp: ACPI Hot Plug PCI Controller Driver version: 0.5
[    0.560714] PCI: Using configuration type 1 for base access
[    0.573810] ACPI: Added _OSI(Module Device)
[    0.604475] ACPI: Added _OSI(Processor Device)
[    0.649725] ACPI: Added _OSI(3.0 _SCP Extensions)
[    0.682455] ACPI: Added _OSI(Processor Aggregator Device)
[    0.724626] ACPI: Executed 1 blocks of module-level executable AML code
[    0.774483] ACPI: Interpreter enabled
[    0.797357] ACPI: (supports S0 S5)
[    0.809529] ACPI: Using IOAPIC for interrupt routing
[    0.810233] PCI: Using host bridge windows from ACPI; if necessary, use "pci=nocrs" and report a bug
[    0.815210] ACPI: PCI Root Bridge [PCI0] (domain 0000 [bus 00-ff])
[    0.837734] acpi PNP0A03:00: _OSC: OS supports [ASPM ClockPM Segments MSI]
[    0.838488] acpi PNP0A03:00: _OSC failed (AE_NOT_FOUND); disabling ASPM
[    0.840287] acpi PNP0A03:00: fail to add MMCONFIG information, can't access extended PCI configuration space under this bridge.
[    0.841730] PCI host bridge to bus 0000:00
[    0.842260] pci_bus 0000:00: root bus resource [io  0x0000-0x0cf7 window]
[    0.844062] pci_bus 0000:00: root bus resource [io  0x0d00-0xffff window]
[    0.844804] pci_bus 0000:00: root bus resource [mem 0x000a0000-0x000bffff window]
[    0.845775] pci_bus 0000:00: root bus resource [mem 0x40000000-0xffdfffff window]
[    0.846776] pci_bus 0000:00: root bus resource [bus 00-ff]
[    0.848364] pci 0000:00:01.1: legacy IDE quirk: reg 0x10: [io  0x01f0-0x01f7]
[    0.849139] pci 0000:00:01.1: legacy IDE quirk: reg 0x14: [io  0x03f6]
[    0.849874] pci 0000:00:01.1: legacy IDE quirk: reg 0x18: [io  0x0170-0x0177]
[    0.850663] pci 0000:00:01.1: legacy IDE quirk: reg 0x1c: [io  0x0376]
[    0.865112] ACPI: PCI Interrupt Link [LNKA] (IRQs 5 9 10 11) *0, disabled.
[    0.915142] ACPI: PCI Interrupt Link [LNKB] (IRQs 5 9 10 *11)
[    0.916142] ACPI: PCI Interrupt Link [LNKC] (IRQs 5 9 *10 11)
[    0.919282] ACPI: PCI Interrupt Link [LNKD] (IRQs 5 *9 10 11)
[    0.920277] ACPI: Enabled 2 GPEs in block 00 to 07
[    0.921175] vgaarb: setting as boot device: PCI:0000:00:02.0
[    0.921830] vgaarb: device added: PCI:0000:00:02.0,decodes=io+mem,owns=io+mem,locks=none
[    0.922872] vgaarb: loaded
[    0.931557] vgaarb: bridge control possible 0000:00:02.0
[    0.969171] SCSI subsystem initialized
[    0.996042] ACPI: bus type USB registered
[    1.064089] usbcore: registered new interface driver usbfs
[    1.227994] usbcore: registered new interface driver hub
[    1.386434] usbcore: registered new device driver usb
[    1.528301] PCI: Using ACPI for IRQ routing
[    1.647012] NetLabel: Initializing
[    1.744048] NetLabel:  domain hash size = 128
[    1.866669] NetLabel:  protocols = UNLABELED CIPSOv4
[    2.017195] NetLabel:  unlabeled traffic allowed by default
[    2.100285] amd_nb: Cannot enumerate AMD northbridges
[    2.100961] clocksource: Switched to clocksource kvm-clock
[    2.106946] AppArmor: AppArmor Filesystem Enabled
  2.62] p:nPCPin
  2.77821] pnp: PnP ACPI: found 3 devices
[    2.961584] clocksource: acpi_pm: mask: 0xffffff max_cycles: 0xffffff, max_idle_ns: 2085701024 ns
[    2.975894] NET: Registered protocol family 2
[    2.976610] TCP established hash table entries: 8192 (order: 4, 65536 bytes)
[    2.977434] TCP bind hash table entries: 8192 (order: 5, 131072 bytes)
[    2.978185] TCP: Hash tables configured (established 8192 bind 8192)
[    2.978919] UDP hash table entries: 512 (order: 2, 16384 bytes)
[    2.979602] UDP-Lite hash table entries: 512 (order: 2, 16384 bytes)
[    2.980341] NET: Registered protocol family 1
[    2.980903] pci 0000:00:00.0: Limiting direct PCI/PCI transfers
[    2.981608] pci 0000:00:01.0: Activating ISA DMA hang workarounds
[    2.982696] Unpacking initramfs...
[    4.366715] Freeing initrd memory: 10760K
[    4.467336] RAPL PMU detected, API unit is 2^-32 Joules, 4 fixed counters 10737418240 ms ovfl timer
  4.64]  ut  dma p0-re^-Joes
[    5.493758] hw unit of domain package 2^-0 Joules
[    5.628931] hw unit of domain dram 2^-0 Joules
[    5.760978] hw unit of domain pp1-gpu 2^-0 Joules
[    5.894448] platform rtc_cmos: registered platform RTC device (no PNP device found)
[   6.057]cainfolomeryorptn very 60 seconds
[    6.836639] audit: initializing netlink subsys (disabled)
[    6.991466] tsc: Refined TSC clocksource calibration: 3193.706 MHz
[    6.997031] audit: type=2000 audit(1509072770.168:1): initialized
ÿ[    6.997243] Initialise system trusted keyring
[    7.177074] HugeTLB registered 2 MB page size, pre-allocated 0 pages
[    7.178063] zbud: loaded
[    7.178190] VFS: Disk quotas dquot_6.6.0
[    7.178212] VFS: Dquot-cache hash table entries: 512 (order 0, 4096 bytes)
[   77.178385] squashfs: version 4.0 (2009/01/31) Phillip Lougher
[    7.178534] fuse init (API version 7.23)
[    7.178614] Key type big_key registered
[    7.178628] Allocating IMA MOK and blacklist keyrings.
[    7.178771] Key type asymmetric registered
[    7.178776] Asymmetric key parser 'x509' registered
[    7.178801] Block layer SCSI generic (bsg) driver version 0.4 loaded (major 249)
[    7.178815] io scheduler noop registered
[    7.178842] io scheduler deadline registered (default)
[    7.178863] io scheduler cfq registered
[    7.178935] pci_hotplug: PCI Hot Plug PCI Core version: 0.5
[    7.178938] pciehp: PCI Express Hot Plug Controller Driver version: 0.4
[    7.179056] ACPI: AC Adapter [AC] (on-line)
[    7.179093] input: Power Button as /devices/LNXSYSTM:00/LNXPWRBN:00/input/input0
[    7.179095] ACPI: Power Button [PWRF]
[    7.179136] input: Sleep Button as /devices/LNXSYSTM:00/LNXSLPBN:00/input/input1
[    7.179137] ACPI: Sleep Button [SLPF]
[    7.179227] GHES: HEST is not enabled!
[    7.179292] Serial: 8250/16550 driver, 32 ports, IRQ sharing enabled
[    7.475928] 00:02: ttyS0 at I/O 0x3f8 (irq = 4, base_baud = 115200) is a 16550A
[    7.506882] Linux agpgart interface v0.103
[    8.235895] loop: module loaded
[    8.236277] scsi host0: ata_piix
[    8.236317] scsi host1: ata_piix
[    8.236339] ata1: PATA max UDMA/33 cmd 0x1f0 ctl 0x3f6 bmdma 0xd000 irq 14
[    8.236340] ata2: PATA max UDMA/33 cmd 0x170 ctl 0x376 bmdma 0xd008 irq 15
[    8.236393] libphy: Fixed MDIO Bus: probed
[    8.236396] tun: Universal TUN/TAP device driver, 1.6
[    8.236396] tun: (C) 1999-2004 Max Krasnyansky <maxk@qualcomm.com>
[    8.236423] PPP generic driver version 2.4.2
[    8.236458] ehci_hcd: USB 2.0 'Enhanced' Host Controller (EHCI) Driver
[    8.236462] ehci-pci: EHCI PCI platform driver
[    8.236475] ehci-platform: EHCI generic platform driver
[    8.236481] ohci_hcd: USB 1.1 'Open' Host Controller (OHCI) Driver
[    8.236483] ohci-pci: OHCI PCI platform driver
[    8.236490] ohci-platform: OHCI generic platform driver
[    8.236495] uhci_hcd: USB Universal Host Controller Interface driver
[    8.236537] i8042: PNP: PS/2 Controller [PNP0303:PS2K,PNP0f03:PS2M] at 0x60,0x64 irq 1,12
[    8.320006] serio: i8042 KBD port at 0x60,0x64 irq 1
[    8.320009] serio: i8042 AUX port at 0x60,0x64 irq 12
[    8.320091] mousedev: PS/2 mouse device common for all mice
[    8.320302] rtc_cmos rtc_cmos: rtc core: registered rtc_cmos as rtc0
[    8.320344] rtc_cmos rtc_cmos: alarms up to one day, 114 bytes nvram
[    8.320348] i2c /dev entries driver
[    8.320387] device-mapper: uevent: version 1.0.3
[    8.320424] device-mapper: ioctl: 4.34.0-ioctl (2015-10-28) initialised: dm-devel@redhat.com
[    8.320434] ledtrig-cpu: registered to indicate activity on CPUs
[    8.320625] NET: Registered protocol family 10
[    8.320732] NET: Registered protocol family 17
[    8.320739] Key type dns_resolver registered
[    8.833029] microcode: CPU0 sig=0x306c3, pf=0x40, revision=0x0
[    8.833148] microcode: CPU1 sig=0x306c3, pf=0x40, revision=0x0
[    8.833206] microcode: Microcode Update Driver: v2.01 <tigran@aivazian.fsnet.co.uk>, Peter Oruba
[    8.833307] registered taskstats version 1
[    8.833321] Loading compiled-in X.509 certificates
[    8.833838] Loaded X.509 cert 'Build time autogenerated kernel key: d1010f9627fd9242df4b03365d2931dfd1ad3d42'
[    8.833855] zswap: loaded using pool lzo/zbud
[    8.834943] Key type trusted registered
[    8.836563] Key type encrypted registered
[    8.836568] AppArmor: AppArmor sha1 policy hashing enabled
[    8.836570] ima: No TPM chip found, activating TPM-bypass!
[    8.836583] evm: HMAC attrs: 0x1
[    8.836749]   Magic number: 5:602:865
[    9.265088] rtc_cmos rtc_cmos: setting system clock to 2017-10-27 02:52:49 UTC (1509072769)
[    9.265178] BIOS EDD facility v0.16 2004-Jun-25, 0 devices found
[    9.265178] EDD information not available.
[    9.904281] input: AT Translated Set 2 keyboard as /devices/platform/i8042/serio0/input/input2
[   11.951180] clocksource: tsc: mask: 0xffffffffffffffff max_cycles: 0x2e09107ea89, max_idle_ns: 440795256486 ns
[   11.953456] Freeing unused kernel memory: 1492K
[   11.954041] Write protecting the kernel read-only data: 14336k
[   11.955220] Freeing unused kernel memory: 1748K
[   11.956060] Freeing unused kernel memory: 112K
Loading, please wait...
starting version 229
[   11.967056] random: systemd-udevd: uninitialized urandom read (16 bytes read, 4 bits of entropy available)
[   11.967444] random: udevadm: uninitialized urandom read (16 bytes read, 4 bits of entropy available)
[   11.967459] random: udevadm: uninitialized urandom read (16 bytes read, 4 bits of entropy available)
[   11.972289] random: udevadm: uninitialized urandom read (16 bytes read, 4 bits of entropy available)
[   11.972314] random: udevadm: uninitialized urandom read (16 bytes read, 4 bits of entropy available)
[   11.972394] random: udevadm: uninitialized urandom read (16 bytes read, 4 bits of entropy available)
[   11.972425] random: udevadm: uninitialized urandom read (16 bytes read, 4 bits of entropy available)
[   11.972454] random: udevadm: uninitialized urandom read (16 bytes read, 4 bits of entropy available)
[   11.972483] random: udevadm: uninitialized urandom read (16 bytes read, 4 bits of entropy available)
[   11.972510] random: udevadm: uninitialized urandom read (16 bytes read, 4 bits of entropy available)
[   13.219259] e1000: Intel(R) PRO/1000 Network Driver - version 7.3.21-k8-NAPI
[   13.222030] e1000: Copyright (c) 1999-2006 Intel Corporation.
[   13.236742] Fusion MPT base driver 3.04.20
[   13.349031] Copyright (c) 1999-2008 LSI Corporation
[   13.498840] AVX version of gcm_enc/dec engaged.
[   13.781275] AES CTR mode by8 optimization enabled
[   14.137350] input: ImExPS/2 Generic Explorer Mouse as /devices/platform/i8042/serio1/input/input4
[   14.718836] e1000 0000:00:03.0 eth0: (PCI:33MHz:32-bit) 02:88:c7:51:8f:1f
[   15.041435] e1000 0000:00:03.0 eth0: Intel(R) PRO/1000 Network Connection
[   15.315336] Fusion MPT SPI Host driver 3.04.20
[   15.625391] mptbase: ioc0: Initiating bringup
[   15.625460] e1000 0000:00:03.0 enp0s3: renamed from eth0
[   16.561696] ioc0: LSI53C1030 A0: Capabilities={Initiator}
[   17.722212] floppy0: no floppy controllers found
[   17.857388] scsi host2: ioc0: LSI53C1030 A0, FwRev=00000000h, Ports=1, MaxQ=256, IRQ=20
[   17.985044] scsi 2:0:0:0: Direct-Access     VBOX     HARDDISK         1.0  PQ: 0 ANSI: 5
[   17.985048] scsi target2:0:0: Beginning Domain Validation
[   17.985826] scsi target2:0:0: Domain Validation skipping write tests
[   17.985826] scsi target2:0:0: Ending Domain Validation
[   17.985860] scsi target2:0:0: asynchronous
[   17.986075] scsi 2:0:1:0: Direct-Access     VBOX     HARDDISK         1.0  PQ: 0 ANSI: 5
[   17.986077] scsi target2:0:1: Beginning Domain Validation
[   17.986735] scsi target2:0:1: Domain Validation skipping write tests
[   17.986735] scsi target2:0:1: Ending Domain Validation
[   17.986769] scsi target2:0:1: asynchronous
[   18.058038] sd 2:0:0:0: [sda] 20971520 512-byte logical blocks: (10.7 GB/10.0 GiB)
[   18.058331] sd 2:0:0:0: [sda] Write Protect is off
[   18.058482] sd 2:0:0:0: [sda] Incomplete mode parameter data
[   18.058483] sd 2:0:0:0: [sda] Assuming drive cache: write through
[   18.517907] sd 2:0:0:0: Attached scsi generic sg0 type 0
[   18.518262] sd 2:0:1:0: [sdb] 20480 512-byte logical blocks: (10.5 MB/10.0 MiB)
[   18.518363] sd 2:0:1:0: Attached scsi generic sg1 type 0
[   18.518417] sd 2:0:1:0: [sdb] Write Protect is off
[   18.518476] sd 2:0:1:0: [sdb] Incomplete mode parameter data
[   18.518477] sd 2:0:1:0: [sdb] Assuming drive cache: write through
[   18.519289]  sda: sda1
[   18.519818] sd 2:0:0:0: [sda] Attached SCSI disk
[   18.520849] sd 2:0:1:0: [sdb] Attached SCSI disk
Begin: Loading e[   20.868370] md: linear personality registered for level -1
ssential drivers[   21.038062] md: multipath personality registered for level -4
 ... [   21.214149] md: raid0 personality registered for level 0
[   21.384353] md: raid1 personality registered for level 1
[   21.617603] raid6: sse2x1   gen() 11086 MB/s
[   21.704772] raid6: sse2x1   xor()  8946 MB/s
[   21.822913] raid6: sse2x2   gen() 14318 MB/s
[   22.341125] raid6: sse2x2   xor()  9314 MB/s
[   22.724820] raid6: sse2x4   gen() 18247 MB/s
[   22.801201] raid6: sse2x4   xor() 11091 MB/s
[   22.815334] raid6: using algorithm sse2x4 gen() 18247 MB/s
[   22.816008] raid6: .... xor() 11091 MB/s, rmw enabled
[   22.816615] raid6: using ssse3x2 recovery algorithm
[   22.818586] xor: automatically using best checksumming function:
[   22.857002]    avx       : 22367.000 MB/sec
[   22.983846] async_tx: api initialized (async)
[   23.150423] md: raid6 personality registered for level 6
[   23.695105] md: raid5 personality registered for level 5
[   23.825385] md: raid4 personality registered for level 4
[   23.830514] md: raid10 personality registered for level 10
done.
Begin: Running /scripts/init-premount ... done.
Begin: Mounting root file system ... Begin: Running /scripts/local-top ... done.
Begin: Running /scripts/local-premount ... [   23.877698] Btrfs loaded
Scanning for Btrfs filesystems
done.
Warning: fsck no[   23.939639] EXT4-fs (sda1): INFO: recovery required on readonly filesystem
t present, so sk[   24.138513] EXT4-fs (sda1): write access will be enabled during recovery
ipping root file system
[   24.391145] EXT4-fs (sda1): recovery complete
[   24.635207] EXT4-fs (sda1): mounted filesystem with ordered data mode. Opts: (null)
done.
Begin: Running /scripts/local-bottom ... done.
Begin: Running /scripts/init-bottom ... done.
[   252277405]ssyseedd11::sssstedd2299rrnniigg i  yystmmmmdd..((PPMM +AUIIT +SLLINUX +IMA +APPARMOR +SMACK +SYSVINI  UUMMP +LBBRRPPSSTTPP++CCRYTT++NNTTSS++AC  XX  LL44++EECCOM  BBKKDD++LLUUIILS++MMDD--IDN)
[   26885577]]sssstemd[1]: Detected virtualization oracle.
[   26.995353] systemd[1]: Detected architecture x86-64.

Welcome to [1mUbuntu 16.04.3 LTS[0m!

[   2..998999  yyttmm[[]]: Set hostaame to <ubuntu-xenial>.
[   27.413116] systemd[1]: Reached target Encrypted Volumes.
[[0;32m  OK  [0m] Reached target Encrypted Volumes.
[   27.416352] systemd[1]: Created slice System Slice.
[[0;32m  OK  [0m] Created slice System Slice.
[   27.417827] systemd[1]: Created slice User and Session Slice.
[[0;32m  OK  [0m] Created slice User and Session Slice.
[   27.419157] systemd[1]: Reached target Slices.
[[0;32m  OK  [0m] Reached target Slices.
[   27.420221] systemd[1]: Reached target User and Group Name Lookups.
[[0;32m  OK  [0m] Reached target User and Group Name Lookups.
[   27.421606] systemd[1]: Listening on Journal Socket (/dev/log).
[[0;32m  OK  [0m] Listening on Journal Socket (/dev/log).
[   27.423059] systemd[1]: Created slice system-serial\x2dgetty.slice.
[[0;32m  OK  [0m] Created slice system-serial\x2dgetty.slice.
[   27.424444] systemd[1]: Listening on Syslog Socket.
[[0;32m  OK  [0m] Listening on Syslog Socket.
[   27.425643] systemd[1]: Listening on udev Kernel Socket.
[[0;32m  OK  [0m] Listening on udev Kernel Socket.
[   27.426860] systemd[1]: Listening on Journal Socket.
[[0;32m  OK  [0m] Listening on Journal Socket.
[   27.441130] systemd[1]: Starting Create list of required static device nodes for the current kernel...
         Starting Create list of required st... nodes for the current kernel...
[   776655086]rrandom: nonllociingppoo  ssiiiiiillized
[   28.065183] systemd[1]: Starting Load Kernel Modules...
         Starting Load Kernel Modules...
[   28.075030] Loading iSCSI transport class v2.0-870.
[   28.826642] systemd[1]: Starting Uncomplicated firewall...
         Startin[   29.059922] iscsi: registered transport (tcp)
g Uncomplicated firewall...
[   29.135397] iscsi: registered transport (iser)
[   2..272299] syttmm[[]]  oonniigg DbbggFFile System..
         Mounting Debug File System...
[   29.79911]]sssseedd11:: Muuttnng HueePPggss File System...
         Mounting Huge Pages File System...
[   30.156349] systemd[1]: Mounting POSIX Message Queue File System...
         Mounting POSIX Message Queue File System...
[   30.158078] systemd[1]: Starting Nameserver information manager...
         Starting Nameserver information manager...
[   30.159425] systemd[1]: Reached target Swap.
[[0;32m  OK  [0m] Reached target Swap.
[   30.160631] systemd[1]: Started Trigger resolvconf update for networkd DNS.
[[0;32m  OK  [0m] Started Trigger resolvconf update for networkd DNS.
[   30.192880] systemd[1]: Listening on udev Control Socket.
[[0;32m  OK  [0m] Listening on udev Control Socket.
[   30.194313] systemd[1]: Set up automount Arbitrary Executable File Formats File System Automount Point.
[[0;32m  OK  [0m] Set up automount Arbitrary Executab...ats File System Automount Point.
[   30.197472] systemd[1]: Listening on Journal Audit Socket.
[[0;32m  OK  [0m] Listening on Journal Audit Socket.
[   30.209122] systemd[1]: Starting Set console keymap...
         Starting Set console keymap...
[   30.225963] systemd11::LListeniggoo  VV22 metadtt  aammnn socee..

[[0;32m  OK  [0m] Listening on LVM2 metadata daemon socket.
[   30.761133] systemd[1]: Listening on LVM2 poll daemon socket.
[[0;32m  OK  [0m] Listening on LVM2 poll daemon socket.
[  31.121332] systemd[1]: Listening on /dev/initctl Compatibility Named Pipe.
[[0;32m  OK  [0m] Listening on /dev/initctl Compatibility Named Pipe.
[   31.207428] systemd[1]: Started Forward Password Requests to Wall Directory Watch.
[[0;32m  OK  [0m] Started Forward Password Requests to Wall Directory Watch.
[   31.239390] systemd[1]: Starting Remount Root and Kernel File Systems...
         [   31.438563] EXT4-fs (sda1): re-mounted. Opts: (null)
Starting Remount Root and Kernel File Systems...
[   31.439774] systemd[1]: Listening on Device-mapper event daemon FIFOs.
[[0;32m  OK  [0m] Listening on Device-mapper event daemon FIFOs.
[   31.441796] systemd[1]: Starting Monitoring of LVM2 mirrors, snapshots etc. using dmeventd or progress polling...
         Starting Monitoring of LVM2 mirrors... dmeventd or progress polling...
[   31.452184] systemd[1]: Starting Journal Service...
         Starting Journal Service...
[   31.456491] systemd[1]: Mounted Debug File System.
[[0;32m  OK  [0m] Mounted Debug File System.
[   31.617164] systemd[1]: Mounted POSIX Message Queue File System.
[[0;32m  OK  [0m] Mounted POSIX Message Queue File System.
[   31.636095] systemd[1]: Mounted Huge Pages File System.
[[0;32m  OK  [0m] Mounted Huge Pages File System.
[   31.637687] systemd[1]: Started Journal Service.
[[0;32m  OK  [0m] Started Journal Service.
[[0;32m  OK  [0m] Started Create list of required sta...ce nodes for the current kernel.
[[0;32m  OK  [0m] Started Load Kernel Modules.
[[0;32m  OK  [0m] Started Uncomplicated firewall.
[[0;32m  OK  [0m] Started Set console keymap.
[[0;32m  OK  [0m] Started Remount Root and Kernel File Systems.
[[0;32m  OK  [0m] Started Nameserver information manager.
[[0;32m  OK  [0m] Started LVM2 metadata daemon.
         Starting Initial cloud-init job (pre-networking)...
         Starting udev Coldplug all Devices...
         Starting Load/Save Random Seed...
         Starting Apply Kernel Variables...
         Mounting FUSE Control File System...
         Starting Create Static Device Nodes in /dev...
         Starting Flush Journal to Persistent Storage...
[[0;32m  OK  [0m] Mounted FUSE Control File System.
[[0;32m  OK  [0m] Started Load/Save Random Seed.
[[0;32m  OK  [0m] Started Apply Kernel Variables.
[[0;32m  OK  [0m] Started Create Static Device Nodes in /dev.
[[0;32m  OK  [0m] Started udev Coldplug all Devices.
         Starting udev Kernel Device Manager...
[[0;32m  OK  [0m] Started Flush Journal to Persistent Storage.
[[0;32m  OK  [0m] Started udev Kernel Device Manager.
[[0;32m  OK  [0m] Started Monitoring of LVM2 mirrors,...ng dmeventd or progress polling.
[[0;32m  OK  [0m] Reached target Local File Systems (Pre).
[[0;32m  OK  [0m] Reached target Local File Systems.
         Starting Tell Plymouth To Write Out Runtime Data...
         Starting LSB: AppArmor initialization...
         Starting Set console font and keymap...
[[0;32m  OK  [0m] Started Dispatch Password Requests to Console Directory Watch.
         Starting Create Volatile Files and Directories...
[[0;32m  OK  [0m] Started Tell Plymouth To Write Out Runtime Data.
[   31.116696] cloud-init[442]: Cloud-init v. 0.7.9 running 'init-local' at Fri, 27 Oct 2017 02:53:13 +0000. Up 30.85 seconds.
[[0;32m  OK  [0m] Started Create Volatile Files and Directories.
[[0;32m  OK  [0m] Started Set console font and keymap.
[[0;32m  OK  [0m] Started Initial cloud-init job (pre-networking).
[[0;32m  OK  [0m] Found device /dev/ttyS0.
[[0;32m  OK  [0m] Listening on Load/Save RF Kill Switch Status /dev/rfkill Watch.
[[0;32m  OK  [0m] Reached target Network (Pre).
[[0;32m  OK  [0m] Created slice system-getty.slice.
         Starting Update UTMP about System Boot/Shutdown...
[[0;32m  OK  [0m] Reached target System Time Synchronized.
[[0;32m  OK  [0m] Started LSB: AppArmor initialization.
[[0;32m  OK  [0m] Started ifup for enp0s3.
         Starting Raise network interfaces...
[[0;32m  OK  [0m] Started Update UTMP about System Boot/Shutdown.
[[0;32m  OK  [0m] Started Raise network interfaces.
[[0;32m  OK  [0m] Reached target Network.
         Starting Initial cloud-init job (metadata service crawler)...
[   34.242663] cloud-init[963]: Cloud-init v. 0.7.9 running 'init' at Fri, 27 Oct 2017 02:53:16 +0000. Up 33.95 seconds.
[   34.244318] cloud-init[963]: ci-info: +++++++++++++++++++++++++++++++++++++Net device info++++++++++++++++++++++++++++++++++++++
[   34.245925] cloud-init[963]: ci-info: +--------+------+----------------------------+---------------+-------+-------------------+
[   34.247517] cloud-init[963]: ci-info: | Device |  Up  |          Address           |      Mask     | Scope |     Hw-Address    |
[   34.252197] cloud-init[963]: ci-info: +--------+------+----------------------------+---------------+-------+-------------------+
[   34.253853] cloud-init[963]: ci-info: |   lo   | True |         127.0.0.1          |   255.0.0.0   |   .   |         .         |
[   34.256144] cloud-init[963]: ci-info: |   lo   | True |          ::1/128           |       .       |  host |         .         |
[   34.260258] cloud-init[963]: ci-info: | enp0s3 | True |         10.0.2.15          | 255.255.255.0 |   .   | 02:88:c7:51:8f:1f |
[   34.264222] cloud-init[963]: ci-info: | enp0s3 | True | fe80::88:c7ff:fe51:8f1f/64 |       .       |  link | 02:88:c7:51:8f:1f |
[   34.265817] cloud-init[963]: ci-info: +--------+------+----------------------------+---------------+-------+-------------------+
[   34.272271] cloud-init[963]: ci-info: +++++++++++++++++++++++++++Route IPv4 info++++++++++++++++++++++++++++
[   34.273703] cloud-init[963]: ci-info: +-------+-------------+----------+---------------+-----------+-------+
[   34.275104] cloud-init[963]: ci-info: | Route | Destination | Gateway  |    Genmask    | Interface | Flags |
[   34.280258] cloud-init[963]: ci-info: +-------+-------------+----------+---------------+-----------+-------+
[   34.281692] cloud-init[963]: ci-info: |   0   |   0.0.0.0   | 10.0.2.2 |    0.0.0.0    |   enp0s3  |   UG  |
[   34.283067] cloud-init[963]: ci-info: |   1   |   10.0.2.0  | 0.0.0.0  | 255.255.255.0 |   enp0s3  |   U   |
[   34.288418] cloud-init[963]: ci-info: +-------+-------------+----------+---------------+-----------+-------+
[[0;32m  OK  [0m] Started Initial cloud-init job (metadata service crawler).
[[0;32m  OK  [0m] Reached target Cloud-config availability.
[[0;32m  OK  [0m] Reached target Network is Online.
         Starting iSCSI initiator daemon (iscsid)...
[[0;32m  OK  [0m] Reached target System Initialization.
[[0;32m  OK  [0m] Started Timer to automatically refresh installed snaps.
[[0;32m  OK  [0m] Listening on ACPID Listen Socket.
[[0;32m  OK  [0m] Started Daily Cleanup of Temporary Directories.
[[0;32m  OK  [0m] Started Timer to automatically fetch and run repair assertions.
         Starting Socket activation for snappy daemon.
[[0;32m  OK  [0m] Started Daily apt download activities.
[[0;32m  OK  [0m] Started Daily apt upgrade and clean activities.
[[0;32m  OK  [0m] Reached target Timers.
         Starting LXD - unix socket.
[[0;32m  OK  [0m] Started ACPI Events Check.
[[0;32m  OK  [0m] Reached target Paths.
[[0;32m  OK  [0m] Listening on UUID daemon activation socket.
[[0;32m  OK  [0m] Listening on D-Bus System Message Bus Socket.
[[0;32m  OK  [0m] Listening on Socket activation for snappy daemon.
[[0;32m  OK  [0m] Listening on LXD - unix socket.
[[0;32m  OK  [0m] Started iSCSI initiator daemon (iscsid).
         Starting Login to default iSCSI targets...
[[0;32m  OK  [0m] Reached target Sockets.
[[0;32m  OK  [0m] Reached target Basic System.
         Starting Automatically fetch and run repair assertions...
[[0;32m  OK  [0m] Started D-Bus System Message Bus.
[[0;32m  OK  [0m] Started Deferred execution scheduler.
         Starting OpenBSD Secure Shell server...
         Starting Accounts Service...
         Starting LSB: MD monitoring daemon...
[[0;32m  OK  [0m] Started ACPI event daemon.
[[0;32m  OK  [0m] Started FUSE filesystem for LXC.
         Starting LXD - container startup/shutdown...
         Starting Apply the settings specified in cloud-config...
[[0;32m  OK  [0m] Started Unattended Upgrades Shutdown.
         Starting /etc/rc.local Compatibility...
         Starting System Logging Service...
[[0;32m  OK  [0m] Started Regular background program processing daemon.
         Starting LSB: Record successful boot for GRUB...
         Starting Login Service...
         Starting Snappy daemon...
[[0;32m  OK  [0m] Started Automatically fetch and run repair assertions.
[[0;32m  OK  [0m] Started /etc/rc.local Compatibility.
[[0;32m  OK  [0m] Started Login Service.
[[0;32m  OK  [0m] Started System Logging Service.
[[0;32m  OK  [0m] Started Login to default iSCSI targets.
[[0;32m  OK  [0m] Reached target Remote File Systems (Pre).
[[0;32m  OK  [0m] Reached target Remote File Systems.
         Starting Permit User Sessions...
         Starting LSB: daemon to balance interrupts for SMP systems...
         Starting LSB: automatic crash report generation...
         Starting LSB: Set the CPU Frequency Scaling governor to "ondemand"...
         Starting LSB: VirtualBox Linux Additions...
[[0;32m  OK  [0m] Started LSB: MD monitoring daemon.
[[0;32m  OK  [0m] Started LSB: Record successful boot for GRUB.
[[0;32m  OK  [0m] Started Permit User Sessions.
[[0;32m  OK  [0m] Started OpenBSD Secure Shell server.
         Starting Hold until boot process finishes up...
         Starting Terminate Plymouth Boot Screen...
[[0;32m  OK  [0m] Started LSB: automatic crash report generation.
[[0;32m  OK  [0m] Started LSB: Set the CPU Frequency Scaling governor to "ondemand".
[[0;32m  OK  [0m] Started Hold until boot process finishes up.
[[0;32m  OK  [0m] Started Terminate Plymouth Boot Screen.
         Starting Authenticate and Authorize Users to Run Privileged Tasks...
[[0;32m  OK  [0m] Started Getty on tty1.
[[0;32m  OK  [0m] Started Serial Getty on ttyS0.
[[0;32m  OK  [0m] Reached target Login Prompts.
         Starting Set console scheme...
[[0;32m  OK  [0m] Started LSB: daemon to balance interrupts for SMP systems.
[[0;32m  OK  [0m] Started Set console scheme.
[[0;32m  OK  [0m] Started Authenticate and Authorize Users to Run Privileged Tasks.
[[0;32m  OK  [0m] Started Accounts Service.
[[0;32m  OK  [0m] Started LSB: VirtualBox Linux Additions.
[[0;32m  OK  [0m] Started LXD - container startup/shutdown.
[[0;32m  OK  [0m] Started Snappy daemon.
         Starting Auto import assertions from block devices...
[[0;32m  OK  [0m] Started Auto import assertions from block devices.
[[0;32m  OK  [0m] Reached target Multi-User System.
[[0;32m  OK  [0m] Reached target Graphical Interface.
         Starting Update UTMP about System Runlevel Changes...
[   35.292532] cloud-init[1048]: [[0;32m  OK  [0m] Started Update UTMP about System Runlevel Changes.
Cloud-init v. 0.7.9 running 'modules:config' at Fri, 27 Oct 2017 02:53:17 +0000. Up 35.18 seconds.
[[0;32m  OK  [0m] Started Apply the settings specified in cloud-config.
         Starting Execute cloud user/final scripts...
[   35.612253] cloud-init[1210]: Cloud-init v. 0.7.9 running 'modules:final' at Fri, 27 Oct 2017 02:53:17 +0000. Up 35.51 seconds.
[   35.613946] cloud-init[1210]: Cloud-init v. 0.7.9 finished at Fri, 27 Oct 2017 02:53:18 +0000. Datasource DataSourceNoCloud [seed=/dev/sdb][dsmode=net].  Up 35.60 seconds
[[0;32m  OK  [0m] Started Execute cloud user/final scripts.
         Starting Daily apt download activities...
[[0;32m  OK  [0m] Reached target Cloud-init target.

Ubuntu 16.04.3 LTS ubuntu-xenial ttyS0

ubuntu-xenial login: 